INFO:create_template.log:hotplate_0 with sample(s)=['200127586'] digesting element(s)=['Cr3', 'Cr6', 'Cr2O3']
INFO:create_template.log:adding Cr3 to 200127586
INFO:create_template.log:adding Cr6 to 200127586
INFO:create_template.log:adding Cr2O3 to 200127586
INFO:create_template.log:storing: 200127586_1 @digestion_page!9
INFO:create_template.log:storing: 200127586_2 @digestion_page!10
INFO:create_template.log:hotplate_1 with sample(s)=[200126511] digesting element(s)=['Cr3']
INFO:create_template.log:adding Cr3 to 200126511
INFO:create_template.log:storing: 200126511_1 @digestion_page!9
INFO:create_template.log:storing: 200126511_2 @digestion_page!10
INFO:create_template.log:hotplate_2 with sample(s)=[200126511] digesting element(s)=['CrO3']
INFO:create_template.log:adding CrO3 to 200126511
INFO:create_template.log:storing: 200126511_1 @digestion_page!18
INFO:create_template.log:storing: 200126511_2 @digestion_page!19
INFO:create_template.log:hotplate_3 with sample(s)=[200126511] digesting element(s)=['Cr(VI)']
INFO:create_template.log:adding Cr(VI) to 200126511
INFO:create_template.log:storing: 200126511_1 @digestion_page!27
INFO:create_template.log:storing: 200126511_2 @digestion_page!28
INFO:create_template.log:hotplate_4 with sample(s)=[200126511] digesting element(s)=['Cr3']
INFO:create_template.log:adding Cr3 to 200126511
INFO:create_template.log:storing: 200126511_1 @digestion_page!9
INFO:create_template.log:storing: 200126511_2 @digestion_page!10
INFO:create_template.log:hotplate_5 with sample(s)=[200126511] digesting element(s)=['Cr2O3']
INFO:create_template.log:adding Cr2O3 to 200126511
INFO:create_template.log:storing: 200126511_1 @digestion_page!18
INFO:create_template.log:storing: 200126511_2 @digestion_page!19
INFO:create_template.log:hotplate_6 with sample(s)=[200126511] digesting element(s)=['Cr(VI)']
INFO:create_template.log:adding Cr(VI) to 200126511
INFO:create_template.log:storing: 200126511_1 @digestion_page!27
INFO:create_template.log:storing: 200126511_2 @digestion_page!28
INFO:create_template.log:referencing 200126511_1 weight from digestion_page!B19
INFO:create_template.log:referencing 200126511_1 volume from digestion_page!C19
INFO:create_template.log:referencing 200126511_2 weight from digestion_page!B20
INFO:create_template.log:referencing 200126511_2 volume from digestion_page!C20
INFO:create_template.log:referencing 200126511_1 weight from digestion_page!B28
INFO:create_template.log:referencing 200126511_1 volume from digestion_page!C28
INFO:create_template.log:referencing 200126511_2 weight from digestion_page!B29
INFO:create_template.log:referencing 200126511_2 volume from digestion_page!C29
INFO:create_template.log:hotplate_0 with sample(s)=[200126511] digesting element(s)=['Cr3']
INFO:create_template.log:adding Cr3 to 200126511
INFO:create_template.log:storing: 200126511_1 @digestion_page!9
INFO:create_template.log:storing: 200126511_2 @digestion_page!10
INFO:create_template.log:hotplate_1 with sample(s)=[200126511] digesting element(s)=['cr2O3']
INFO:create_template.log:adding cr2O3 to 200126511
INFO:create_template.log:storing: 200126511_1 @digestion_page!18
INFO:create_template.log:storing: 200126511_2 @digestion_page!19
INFO:create_template.log:hotplate_2 with sample(s)=[200126511] digesting element(s)=['Cr(VI)']
INFO:create_template.log:adding Cr(VI) to 200126511
INFO:create_template.log:storing: 200126511_1 @digestion_page!27
INFO:create_template.log:storing: 200126511_2 @digestion_page!28
INFO:create_template.log:referencing 200126511_1 weight from digestion_page!B19
INFO:create_template.log:referencing 200126511_1 volume from digestion_page!C19
INFO:create_template.log:referencing 200126511_2 weight from digestion_page!B20
INFO:create_template.log:referencing 200126511_2 volume from digestion_page!C20
INFO:create_template.log:referencing 200126511_1 weight from digestion_page!B28
INFO:create_template.log:referencing 200126511_1 volume from digestion_page!C28
INFO:create_template.log:referencing 200126511_2 weight from digestion_page!B29
INFO:create_template.log:referencing 200126511_2 volume from digestion_page!C29
