INFO:create_template.log:hotplate_0 with sample(s)=['200127922'] digesting element(s)=['Na']
INFO:create_template.log:adding Na to 200127922
INFO:create_template.log:storing: 200127922_1 @digestion_page!9
INFO:create_template.log:storing: 200127922_2 @digestion_page!10
INFO:create_template.log:referencing 200127922_1 weight from digestion_page!B10
INFO:create_template.log:referencing 200127922_1 volume from digestion_page!C10
INFO:create_template.log:referencing 200127922_2 weight from digestion_page!B11
INFO:create_template.log:referencing 200127922_2 volume from digestion_page!C11
INFO:create_template.log:hotplate_0 with sample(s)=[200127922, 200127923] digesting element(s)=['Na']
INFO:create_template.log:adding Na to 200127922
INFO:create_template.log:storing: 200127922_1 @digestion_page!9
INFO:create_template.log:storing: 200127922_2 @digestion_page!10
INFO:create_template.log:adding Na to 200127923
INFO:create_template.log:storing: 200127923_1 @digestion_page!11
INFO:create_template.log:storing: 200127923_2 @digestion_page!12
INFO:create_template.log:referencing 200127922_1 weight from digestion_page!B10
INFO:create_template.log:referencing 200127922_1 volume from digestion_page!C10
INFO:create_template.log:referencing 200127922_2 weight from digestion_page!B11
INFO:create_template.log:referencing 200127922_2 volume from digestion_page!C11
INFO:create_template.log:referencing 200127923_1 weight from digestion_page!B12
INFO:create_template.log:referencing 200127923_1 volume from digestion_page!C12
INFO:create_template.log:referencing 200127923_2 weight from digestion_page!B13
INFO:create_template.log:referencing 200127923_2 volume from digestion_page!C13
